2025-05-09 09:11:48,146 - INFO - Parsed 1 entries from ../data/20250510_scopus_LNCS_tad_tal_303.ris
2025-05-09 09:11:48,148 - INFO - Updated entry: Video Analysis of Water Drop Penetration Time Using Temporal Action Localization for Evaluating Soil Water Repellency, Conference: 19th International Symposium on Visual Computing, ISVC 2024 to T2  - ISVC 2024
2025-05-09 09:11:48,154 - INFO - Processed 1 entries, 1 written to output
2025-05-09 09:18:50,495 - INFO - Parsed 1 entries from ../data/20250510_scopus_LNCS_tad_tal_303.ris
2025-05-09 09:18:50,496 - INFO - Updated entry: Video Analysis of Water Drop Penetration Time Using Temporal Action Localization for Evaluating Soil Water Repellency, Conference: 19th International Symposium on Visual Computing, ISVC 2024 to T2  - ISVC 2024
2025-05-09 09:18:50,502 - INFO - Processed 1 entries, 1 written to output
2025-05-09 09:24:56,087 - INFO - Parsed 1 entries from ../data/20250510_scopus_LNCS_tad_tal_303.ris
2025-05-09 09:24:56,088 - INFO - Updated entry: Video Analysis of Water Drop Penetration Time Using Temporal Action Localization for Evaluating Soil Water Repellency, Conference: 19th International Symposium on Visual Computing, ISVC 2024 to T2  - ISVC 2024
2025-05-09 09:24:56,094 - INFO - Processed 1 entries, 1 written to output
2025-05-09 09:25:04,734 - INFO - Parsed 1 entries from ../data/20250510_scopus_LNCS_tad_tal_303.ris
2025-05-09 09:25:04,736 - INFO - Updated entry: Video Analysis of Water Drop Penetration Time Using Temporal Action Localization for Evaluating Soil Water Repellency, Conference: 19th International Symposium on Visual Computing, ISVC 2024 to T2  - ISVC 2024
2025-05-09 09:25:04,741 - INFO - Processed 1 entries, 1 written to output
2025-05-09 09:28:20,024 - INFO - Parsed 1 entries from ../data/20250510_scopus_LNCS_tad_tal_303.ris
2025-05-09 09:28:20,027 - INFO - Extracted conference: 19th International Symposium on Visual Computing, ISVC 2024, year: 2024
2025-05-09 09:28:20,027 - INFO - Updated entry: Video Analysis of Water Drop Penetration Time Using Temporal Action Localization for Evaluating Soil Water Repellency, Conference: 19th International Symposium on Visual Computing, ISVC 2024 to T2  - ISVC 2024
2025-05-09 09:28:20,033 - INFO - Processed 1 entries, 1 written to output
2025-05-09 09:30:12,486 - INFO - 解析了 1 个条目从 ../data/20250510_scopus_LNCS_tad_tal_303.ris
2025-05-09 09:30:12,490 - INFO - 提取的会议: 19th International Symposium on Visual Computing, ISVC 2024, 年份: 2024
2025-05-09 09:30:12,490 - INFO - 更新条目: Video Analysis of Water Drop Penetration Time Using Temporal Action Localization for Evaluating Soil Water Repellency, 会议: 19th International Symposium on Visual Computing, ISVC 2024 到 T2  - ISVC 2024
2025-05-09 09:30:12,495 - INFO - 处理了 1 个条目，写入 1 个到输出文件
2025-05-09 09:33:11,248 - INFO - 解析了 1 个条目从 ../data/20250510_scopus_LNCS_tad_tal_303.ris
2025-05-09 09:33:11,249 - INFO - 更新条目: Video Analysis of Water Drop Penetration Time Using Temporal Action Localization for Evaluating Soil Water Repellency, 会议: 19th International Symposium on Visual Computing, ISVC 2024 到 T2  - ISVC 2024
2025-05-09 09:33:11,254 - INFO - 处理了 1 个条目，写入 1 个到输出文件
2025-05-09 09:33:16,556 - INFO - 解析了 1 个条目从 ../data/20250510_scopus_LNCS_tad_tal_303.ris
2025-05-09 09:33:16,557 - INFO - 更新条目: Video Analysis of Water Drop Penetration Time Using Temporal Action Localization for Evaluating Soil Water Repellency, 会议: 19th International Symposium on Visual Computing, ISVC 2024 到 T2  - ISVC 2024
2025-05-09 09:33:16,562 - INFO - 处理了 1 个条目，写入 1 个到输出文件
2025-05-09 09:46:17,075 - INFO - Loading RIS file: ..\data\20250510_scopus_LNCS_tad_tal_303.ris
2025-05-09 09:46:17,111 - INFO - Successfully loaded 303 entries
2025-05-09 09:46:17,112 - ERROR - Error processing entry 0: 'list' object has no attribute 'replace'
2025-05-09 09:46:17,112 - ERROR - Error processing entry 1: 'list' object has no attribute 'replace'
2025-05-09 09:46:17,112 - ERROR - Error processing entry 2: 'list' object has no attribute 'replace'
2025-05-09 09:46:17,112 - ERROR - Error processing entry 3: 'list' object has no attribute 'replace'
2025-05-09 09:46:17,112 - ERROR - Error processing entry 4: 'list' object has no attribute 'replace'
2025-05-09 09:46:17,112 - ERROR - Error processing entry 5: 'list' object has no attribute 'replace'
2025-05-09 09:46:17,112 - ERROR - Error processing entry 6: 'list' object has no attribute 'replace'
2025-05-09 09:46:17,112 - ERROR - Error processing entry 7: 'list' object has no attribute 'replace'
2025-05-09 09:46:17,112 - ERROR - Error processing entry 8: 'list' object has no attribute 'replace'
2025-05-09 09:46:17,112 - ERROR - Error processing entry 9: 'list' object has no attribute 'replace'
2025-05-09 09:46:17,112 - ERROR - Error processing entry 10: 'list' object has no attribute 'replace'
2025-05-09 09:46:17,112 - ERROR - Error processing entry 11: 'list' object has no attribute 'replace'
2025-05-09 09:46:17,112 - ERROR - Error processing entry 12: 'list' object has no attribute 'replace'
2025-05-09 09:46:17,112 - ERROR - Error processing entry 13: 'list' object has no attribute 'replace'
2025-05-09 09:46:17,112 - ERROR - Error processing entry 14: 'list' object has no attribute 'replace'
2025-05-09 09:46:17,112 - ERROR - Error processing entry 15: 'list' object has no attribute 'replace'
2025-05-09 09:46:17,112 - ERROR - Error processing entry 16: 'list' object has no attribute 'replace'
2025-05-09 09:46:17,112 - ERROR - Error processing entry 17: 'list' object has no attribute 'replace'
2025-05-09 09:46:17,112 - ERROR - Error processing entry 18: 'list' object has no attribute 'replace'
2025-05-09 09:46:17,112 - ERROR - Error processing entry 19: 'list' object has no attribute 'replace'
2025-05-09 09:46:17,112 - ERROR - Error processing entry 20: 'list' object has no attribute 'replace'
2025-05-09 09:46:17,113 - ERROR - Error processing entry 21: 'list' object has no attribute 'replace'
2025-05-09 09:46:17,113 - ERROR - Error processing entry 22: 'list' object has no attribute 'replace'
2025-05-09 09:46:17,113 - ERROR - Error processing entry 23: 'list' object has no attribute 'replace'
2025-05-09 09:46:17,113 - ERROR - Error processing entry 24: 'list' object has no attribute 'replace'
2025-05-09 09:46:17,113 - ERROR - Error processing entry 25: 'list' object has no attribute 'replace'
2025-05-09 09:46:17,113 - ERROR - Error processing entry 26: 'list' object has no attribute 'replace'
2025-05-09 09:46:17,113 - ERROR - Error processing entry 27: 'list' object has no attribute 'replace'
2025-05-09 09:46:17,113 - ERROR - Error processing entry 28: 'list' object has no attribute 'replace'
2025-05-09 09:46:17,113 - ERROR - Error processing entry 29: 'list' object has no attribute 'replace'
2025-05-09 09:46:17,113 - ERROR - Error processing entry 30: 'list' object has no attribute 'replace'
2025-05-09 09:46:17,113 - ERROR - Error processing entry 31: 'list' object has no attribute 'replace'
2025-05-09 09:46:17,113 - ERROR - Error processing entry 32: 'list' object has no attribute 'replace'
2025-05-09 09:46:17,113 - ERROR - Error processing entry 33: 'list' object has no attribute 'replace'
2025-05-09 09:46:17,113 - ERROR - Error processing entry 34: 'list' object has no attribute 'replace'
2025-05-09 09:46:17,113 - ERROR - Error processing entry 35: 'list' object has no attribute 'replace'
2025-05-09 09:46:17,113 - ERROR - Error processing entry 36: 'list' object has no attribute 'replace'
2025-05-09 09:46:17,113 - ERROR - Error processing entry 37: 'list' object has no attribute 'replace'
2025-05-09 09:46:17,113 - ERROR - Error processing entry 38: 'list' object has no attribute 'replace'
2025-05-09 09:46:17,113 - ERROR - Error processing entry 39: 'list' object has no attribute 'replace'
2025-05-09 09:46:17,113 - ERROR - Error processing entry 40: 'list' object has no attribute 'replace'
2025-05-09 09:46:17,113 - ERROR - Error processing entry 41: 'list' object has no attribute 'replace'
2025-05-09 09:46:17,113 - ERROR - Error processing entry 42: 'list' object has no attribute 'replace'
2025-05-09 09:46:17,113 - ERROR - Error processing entry 43: 'list' object has no attribute 'replace'
2025-05-09 09:46:17,113 - ERROR - Error processing entry 44: 'list' object has no attribute 'replace'
2025-05-09 09:46:17,113 - ERROR - Error processing entry 45: 'list' object has no attribute 'replace'
2025-05-09 09:46:17,113 - ERROR - Error processing entry 46: 'list' object has no attribute 'replace'
2025-05-09 09:46:17,113 - ERROR - Error processing entry 47: 'list' object has no attribute 'replace'
2025-05-09 09:46:17,113 - ERROR - Error processing entry 48: 'list' object has no attribute 'replace'
2025-05-09 09:46:17,113 - ERROR - Error processing entry 49: 'list' object has no attribute 'replace'
2025-05-09 09:46:17,113 - ERROR - Error processing entry 50: 'list' object has no attribute 'replace'
2025-05-09 09:46:17,113 - ERROR - Error processing entry 51: 'list' object has no attribute 'replace'
2025-05-09 09:46:17,114 - ERROR - Error processing entry 52: 'list' object has no attribute 'replace'
2025-05-09 09:46:17,114 - ERROR - Error processing entry 53: 'list' object has no attribute 'replace'
2025-05-09 09:46:17,114 - ERROR - Error processing entry 54: 'list' object has no attribute 'replace'
2025-05-09 09:46:17,114 - ERROR - Error processing entry 55: 'list' object has no attribute 'replace'
2025-05-09 09:46:17,114 - ERROR - Error processing entry 56: 'list' object has no attribute 'replace'
2025-05-09 09:46:17,114 - ERROR - Error processing entry 57: 'list' object has no attribute 'replace'
2025-05-09 09:46:17,114 - ERROR - Error processing entry 58: 'list' object has no attribute 'replace'
2025-05-09 09:46:17,114 - ERROR - Error processing entry 59: 'list' object has no attribute 'replace'
2025-05-09 09:46:17,114 - ERROR - Error processing entry 60: 'list' object has no attribute 'replace'
2025-05-09 09:46:17,114 - ERROR - Error processing entry 61: 'list' object has no attribute 'replace'
2025-05-09 09:46:17,114 - ERROR - Error processing entry 62: 'list' object has no attribute 'replace'
2025-05-09 09:46:17,114 - ERROR - Error processing entry 63: 'list' object has no attribute 'replace'
2025-05-09 09:46:17,114 - ERROR - Error processing entry 64: 'list' object has no attribute 'replace'
2025-05-09 09:46:17,114 - ERROR - Error processing entry 65: 'list' object has no attribute 'replace'
2025-05-09 09:46:17,114 - ERROR - Error processing entry 66: 'list' object has no attribute 'replace'
2025-05-09 09:46:17,114 - ERROR - Error processing entry 67: 'list' object has no attribute 'replace'
2025-05-09 09:46:17,114 - ERROR - Error processing entry 68: 'list' object has no attribute 'replace'
2025-05-09 09:46:17,114 - ERROR - Error processing entry 69: 'list' object has no attribute 'replace'
2025-05-09 09:46:17,114 - ERROR - Error processing entry 70: 'list' object has no attribute 'replace'
2025-05-09 09:46:17,114 - ERROR - Error processing entry 71: 'list' object has no attribute 'replace'
2025-05-09 09:46:17,114 - ERROR - Error processing entry 72: 'list' object has no attribute 'replace'
2025-05-09 09:46:17,115 - ERROR - Error processing entry 73: 'list' object has no attribute 'replace'
2025-05-09 09:46:17,115 - ERROR - Error processing entry 74: 'list' object has no attribute 'replace'
2025-05-09 09:46:17,115 - ERROR - Error processing entry 75: 'list' object has no attribute 'replace'
2025-05-09 09:46:17,115 - ERROR - Error processing entry 76: 'list' object has no attribute 'replace'
2025-05-09 09:46:17,115 - ERROR - Error processing entry 77: 'list' object has no attribute 'replace'
2025-05-09 09:46:17,115 - ERROR - Error processing entry 78: 'list' object has no attribute 'replace'
2025-05-09 09:46:17,115 - ERROR - Error processing entry 79: 'list' object has no attribute 'replace'
2025-05-09 09:46:17,115 - ERROR - Error processing entry 80: 'list' object has no attribute 'replace'
2025-05-09 09:46:17,115 - ERROR - Error processing entry 81: 'list' object has no attribute 'replace'
2025-05-09 09:46:17,115 - ERROR - Error processing entry 82: 'list' object has no attribute 'replace'
2025-05-09 09:46:17,115 - ERROR - Error processing entry 83: 'list' object has no attribute 'replace'
2025-05-09 09:46:17,115 - ERROR - Error processing entry 84: 'list' object has no attribute 'replace'
2025-05-09 09:46:17,115 - ERROR - Error processing entry 85: 'list' object has no attribute 'replace'
2025-05-09 09:46:17,115 - ERROR - Error processing entry 86: 'list' object has no attribute 'replace'
2025-05-09 09:46:17,115 - ERROR - Error processing entry 87: 'list' object has no attribute 'replace'
2025-05-09 09:46:17,115 - ERROR - Error processing entry 88: 'list' object has no attribute 'replace'
2025-05-09 09:46:17,115 - ERROR - Error processing entry 89: 'list' object has no attribute 'replace'
2025-05-09 09:46:17,115 - ERROR - Error processing entry 90: 'list' object has no attribute 'replace'
2025-05-09 09:46:17,115 - ERROR - Error processing entry 91: 'list' object has no attribute 'replace'
2025-05-09 09:46:17,115 - ERROR - Error processing entry 92: 'list' object has no attribute 'replace'
2025-05-09 09:46:17,115 - ERROR - Error processing entry 93: 'list' object has no attribute 'replace'
2025-05-09 09:46:17,115 - ERROR - Error processing entry 94: 'list' object has no attribute 'replace'
2025-05-09 09:46:17,115 - ERROR - Error processing entry 95: 'list' object has no attribute 'replace'
2025-05-09 09:46:17,116 - ERROR - Error processing entry 96: 'list' object has no attribute 'replace'
2025-05-09 09:46:17,116 - ERROR - Error processing entry 97: 'list' object has no attribute 'replace'
2025-05-09 09:46:17,116 - ERROR - Error processing entry 98: 'list' object has no attribute 'replace'
2025-05-09 09:46:17,116 - ERROR - Error processing entry 99: 'list' object has no attribute 'replace'
2025-05-09 09:46:17,116 - ERROR - Error processing entry 100: 'list' object has no attribute 'replace'
2025-05-09 09:46:17,116 - ERROR - Error processing entry 101: 'list' object has no attribute 'replace'
2025-05-09 09:46:17,116 - ERROR - Error processing entry 102: 'list' object has no attribute 'replace'
2025-05-09 09:46:17,116 - ERROR - Error processing entry 103: 'list' object has no attribute 'replace'
2025-05-09 09:46:17,116 - ERROR - Error processing entry 104: 'list' object has no attribute 'replace'
2025-05-09 09:46:17,116 - ERROR - Error processing entry 105: 'list' object has no attribute 'replace'
2025-05-09 09:46:17,116 - ERROR - Error processing entry 106: 'list' object has no attribute 'replace'
2025-05-09 09:46:17,116 - ERROR - Error processing entry 107: 'list' object has no attribute 'replace'
2025-05-09 09:46:17,116 - ERROR - Error processing entry 108: 'list' object has no attribute 'replace'
2025-05-09 09:46:17,116 - ERROR - Error processing entry 109: 'list' object has no attribute 'replace'
2025-05-09 09:46:17,116 - ERROR - Error processing entry 110: 'list' object has no attribute 'replace'
2025-05-09 09:46:17,116 - ERROR - Error processing entry 111: 'list' object has no attribute 'replace'
2025-05-09 09:46:17,116 - ERROR - Error processing entry 112: 'list' object has no attribute 'replace'
2025-05-09 09:46:17,116 - ERROR - Error processing entry 113: 'list' object has no attribute 'replace'
2025-05-09 09:46:17,116 - ERROR - Error processing entry 114: 'list' object has no attribute 'replace'
2025-05-09 09:46:17,116 - ERROR - Error processing entry 115: 'list' object has no attribute 'replace'
2025-05-09 09:46:17,116 - ERROR - Error processing entry 116: 'list' object has no attribute 'replace'
2025-05-09 09:46:17,116 - ERROR - Error processing entry 117: 'list' object has no attribute 'replace'
2025-05-09 09:46:17,116 - ERROR - Error processing entry 118: 'list' object has no attribute 'replace'
2025-05-09 09:46:17,116 - ERROR - Error processing entry 119: 'list' object has no attribute 'replace'
2025-05-09 09:46:17,116 - ERROR - Error processing entry 120: 'list' object has no attribute 'replace'
2025-05-09 09:46:17,116 - ERROR - Error processing entry 121: 'list' object has no attribute 'replace'
2025-05-09 09:46:17,116 - ERROR - Error processing entry 122: 'list' object has no attribute 'replace'
2025-05-09 09:46:17,116 - ERROR - Error processing entry 123: 'list' object has no attribute 'replace'
2025-05-09 09:46:17,116 - ERROR - Error processing entry 124: 'list' object has no attribute 'replace'
2025-05-09 09:46:17,116 - ERROR - Error processing entry 125: 'list' object has no attribute 'replace'
2025-05-09 09:46:17,117 - ERROR - Error processing entry 126: 'list' object has no attribute 'replace'
2025-05-09 09:46:17,117 - ERROR - Error processing entry 127: 'list' object has no attribute 'replace'
2025-05-09 09:46:17,117 - ERROR - Error processing entry 128: 'list' object has no attribute 'replace'
2025-05-09 09:46:17,117 - ERROR - Error processing entry 129: 'list' object has no attribute 'replace'
2025-05-09 09:46:17,117 - ERROR - Error processing entry 130: 'list' object has no attribute 'replace'
2025-05-09 09:46:17,117 - ERROR - Error processing entry 131: 'list' object has no attribute 'replace'
2025-05-09 09:46:17,117 - ERROR - Error processing entry 132: 'list' object has no attribute 'replace'
2025-05-09 09:46:17,117 - ERROR - Error processing entry 133: 'list' object has no attribute 'replace'
2025-05-09 09:46:17,117 - ERROR - Error processing entry 134: 'list' object has no attribute 'replace'
2025-05-09 09:46:17,117 - ERROR - Error processing entry 135: 'list' object has no attribute 'replace'
2025-05-09 09:46:17,117 - ERROR - Error processing entry 136: 'list' object has no attribute 'replace'
2025-05-09 09:46:17,117 - ERROR - Error processing entry 137: 'list' object has no attribute 'replace'
2025-05-09 09:46:17,117 - ERROR - Error processing entry 138: 'list' object has no attribute 'replace'
2025-05-09 09:46:17,117 - ERROR - Error processing entry 139: 'list' object has no attribute 'replace'
2025-05-09 09:46:17,117 - ERROR - Error processing entry 140: 'list' object has no attribute 'replace'
2025-05-09 09:46:17,117 - ERROR - Error processing entry 141: 'list' object has no attribute 'replace'
2025-05-09 09:46:17,117 - ERROR - Error processing entry 142: 'list' object has no attribute 'replace'
2025-05-09 09:46:17,117 - ERROR - Error processing entry 143: 'list' object has no attribute 'replace'
2025-05-09 09:46:17,117 - ERROR - Error processing entry 144: 'list' object has no attribute 'replace'
2025-05-09 09:46:17,117 - ERROR - Error processing entry 145: 'list' object has no attribute 'replace'
2025-05-09 09:46:17,117 - ERROR - Error processing entry 146: 'list' object has no attribute 'replace'
2025-05-09 09:46:17,117 - ERROR - Error processing entry 147: 'list' object has no attribute 'replace'
2025-05-09 09:46:17,117 - ERROR - Error processing entry 148: 'list' object has no attribute 'replace'
2025-05-09 09:46:17,117 - ERROR - Error processing entry 149: 'list' object has no attribute 'replace'
2025-05-09 09:46:17,117 - ERROR - Error processing entry 150: 'list' object has no attribute 'replace'
2025-05-09 09:46:17,117 - ERROR - Error processing entry 151: 'list' object has no attribute 'replace'
2025-05-09 09:46:17,117 - ERROR - Error processing entry 152: 'list' object has no attribute 'replace'
2025-05-09 09:46:17,117 - ERROR - Error processing entry 153: 'list' object has no attribute 'replace'
2025-05-09 09:46:17,117 - ERROR - Error processing entry 154: 'list' object has no attribute 'replace'
2025-05-09 09:46:17,117 - ERROR - Error processing entry 155: 'list' object has no attribute 'replace'
2025-05-09 09:46:17,117 - ERROR - Error processing entry 156: 'list' object has no attribute 'replace'
2025-05-09 09:46:17,117 - ERROR - Error processing entry 157: 'list' object has no attribute 'replace'
2025-05-09 09:46:17,118 - ERROR - Error processing entry 158: 'list' object has no attribute 'replace'
2025-05-09 09:46:17,118 - ERROR - Error processing entry 159: 'list' object has no attribute 'replace'
2025-05-09 09:46:17,118 - ERROR - Error processing entry 160: 'list' object has no attribute 'replace'
2025-05-09 09:46:17,118 - ERROR - Error processing entry 161: 'list' object has no attribute 'replace'
2025-05-09 09:46:17,118 - ERROR - Error processing entry 162: 'list' object has no attribute 'replace'
2025-05-09 09:46:17,118 - ERROR - Error processing entry 163: 'list' object has no attribute 'replace'
2025-05-09 09:46:17,118 - ERROR - Error processing entry 164: 'list' object has no attribute 'replace'
2025-05-09 09:46:17,118 - ERROR - Error processing entry 165: 'list' object has no attribute 'replace'
2025-05-09 09:46:17,118 - ERROR - Error processing entry 166: 'list' object has no attribute 'replace'
2025-05-09 09:46:17,118 - ERROR - Error processing entry 167: 'list' object has no attribute 'replace'
2025-05-09 09:46:17,118 - ERROR - Error processing entry 168: 'list' object has no attribute 'replace'
2025-05-09 09:46:17,118 - ERROR - Error processing entry 169: 'list' object has no attribute 'replace'
2025-05-09 09:46:17,118 - ERROR - Error processing entry 170: 'list' object has no attribute 'replace'
2025-05-09 09:46:17,118 - ERROR - Error processing entry 171: 'list' object has no attribute 'replace'
2025-05-09 09:46:17,118 - ERROR - Error processing entry 172: 'list' object has no attribute 'replace'
2025-05-09 09:46:17,118 - ERROR - Error processing entry 173: 'list' object has no attribute 'replace'
2025-05-09 09:46:17,118 - ERROR - Error processing entry 174: 'list' object has no attribute 'replace'
2025-05-09 09:46:17,118 - ERROR - Error processing entry 175: 'list' object has no attribute 'replace'
2025-05-09 09:46:17,118 - ERROR - Error processing entry 176: 'list' object has no attribute 'replace'
2025-05-09 09:46:17,118 - ERROR - Error processing entry 177: 'list' object has no attribute 'replace'
2025-05-09 09:46:17,118 - ERROR - Error processing entry 178: 'list' object has no attribute 'replace'
2025-05-09 09:46:17,118 - ERROR - Error processing entry 179: 'list' object has no attribute 'replace'
2025-05-09 09:46:17,118 - ERROR - Error processing entry 180: 'list' object has no attribute 'replace'
2025-05-09 09:46:17,118 - ERROR - Error processing entry 181: 'list' object has no attribute 'replace'
2025-05-09 09:46:17,118 - ERROR - Error processing entry 182: 'list' object has no attribute 'replace'
2025-05-09 09:46:17,118 - ERROR - Error processing entry 183: 'list' object has no attribute 'replace'
2025-05-09 09:46:17,118 - ERROR - Error processing entry 184: 'list' object has no attribute 'replace'
2025-05-09 09:46:17,118 - ERROR - Error processing entry 185: 'list' object has no attribute 'replace'
2025-05-09 09:46:17,119 - ERROR - Error processing entry 186: 'list' object has no attribute 'replace'
2025-05-09 09:46:17,119 - ERROR - Error processing entry 187: 'list' object has no attribute 'replace'
2025-05-09 09:46:17,119 - ERROR - Error processing entry 188: 'list' object has no attribute 'replace'
2025-05-09 09:46:17,119 - ERROR - Error processing entry 189: 'list' object has no attribute 'replace'
2025-05-09 09:46:17,119 - ERROR - Error processing entry 190: 'list' object has no attribute 'replace'
2025-05-09 09:46:17,119 - ERROR - Error processing entry 191: 'list' object has no attribute 'replace'
2025-05-09 09:46:17,119 - ERROR - Error processing entry 192: 'list' object has no attribute 'replace'
2025-05-09 09:46:17,119 - ERROR - Error processing entry 193: 'list' object has no attribute 'replace'
2025-05-09 09:46:17,119 - ERROR - Error processing entry 194: 'list' object has no attribute 'replace'
2025-05-09 09:46:17,119 - ERROR - Error processing entry 195: 'list' object has no attribute 'replace'
2025-05-09 09:46:17,119 - ERROR - Error processing entry 196: 'list' object has no attribute 'replace'
2025-05-09 09:46:17,119 - ERROR - Error processing entry 197: 'list' object has no attribute 'replace'
2025-05-09 09:46:17,119 - ERROR - Error processing entry 198: 'list' object has no attribute 'replace'
2025-05-09 09:46:17,119 - ERROR - Error processing entry 199: 'list' object has no attribute 'replace'
2025-05-09 09:46:17,119 - ERROR - Error processing entry 200: 'list' object has no attribute 'replace'
2025-05-09 09:46:17,119 - ERROR - Error processing entry 201: 'list' object has no attribute 'replace'
2025-05-09 09:46:17,119 - ERROR - Error processing entry 202: 'list' object has no attribute 'replace'
2025-05-09 09:46:17,119 - ERROR - Error processing entry 203: 'list' object has no attribute 'replace'
2025-05-09 09:46:17,119 - ERROR - Error processing entry 204: 'list' object has no attribute 'replace'
2025-05-09 09:46:17,119 - ERROR - Error processing entry 205: 'list' object has no attribute 'replace'
2025-05-09 09:46:17,119 - ERROR - Error processing entry 206: 'list' object has no attribute 'replace'
2025-05-09 09:46:17,119 - ERROR - Error processing entry 207: 'list' object has no attribute 'replace'
2025-05-09 09:46:17,119 - ERROR - Error processing entry 208: 'list' object has no attribute 'replace'
2025-05-09 09:46:17,119 - ERROR - Error processing entry 209: 'list' object has no attribute 'replace'
2025-05-09 09:46:17,119 - ERROR - Error processing entry 210: 'list' object has no attribute 'replace'
2025-05-09 09:46:17,119 - ERROR - Error processing entry 211: 'list' object has no attribute 'replace'
2025-05-09 09:46:17,119 - ERROR - Error processing entry 212: 'list' object has no attribute 'replace'
2025-05-09 09:46:17,119 - ERROR - Error processing entry 213: 'list' object has no attribute 'replace'
2025-05-09 09:46:17,119 - ERROR - Error processing entry 214: 'list' object has no attribute 'replace'
2025-05-09 09:46:17,120 - ERROR - Error processing entry 215: 'list' object has no attribute 'replace'
2025-05-09 09:46:17,120 - ERROR - Error processing entry 216: 'list' object has no attribute 'replace'
2025-05-09 09:46:17,120 - ERROR - Error processing entry 217: 'list' object has no attribute 'replace'
2025-05-09 09:46:17,120 - ERROR - Error processing entry 218: 'list' object has no attribute 'replace'
2025-05-09 09:46:17,120 - ERROR - Error processing entry 219: 'list' object has no attribute 'replace'
2025-05-09 09:46:17,120 - ERROR - Error processing entry 220: 'list' object has no attribute 'replace'
2025-05-09 09:46:17,120 - ERROR - Error processing entry 221: 'list' object has no attribute 'replace'
2025-05-09 09:46:17,120 - ERROR - Error processing entry 222: 'list' object has no attribute 'replace'
2025-05-09 09:46:17,120 - ERROR - Error processing entry 223: 'list' object has no attribute 'replace'
2025-05-09 09:46:17,120 - ERROR - Error processing entry 224: 'list' object has no attribute 'replace'
2025-05-09 09:46:17,120 - ERROR - Error processing entry 225: 'list' object has no attribute 'replace'
2025-05-09 09:46:17,120 - ERROR - Error processing entry 226: 'list' object has no attribute 'replace'
2025-05-09 09:46:17,120 - ERROR - Error processing entry 227: 'list' object has no attribute 'replace'
2025-05-09 09:46:17,120 - ERROR - Error processing entry 228: 'list' object has no attribute 'replace'
2025-05-09 09:46:17,120 - ERROR - Error processing entry 229: 'list' object has no attribute 'replace'
2025-05-09 09:46:17,120 - ERROR - Error processing entry 230: 'list' object has no attribute 'replace'
2025-05-09 09:46:17,120 - ERROR - Error processing entry 231: 'list' object has no attribute 'replace'
2025-05-09 09:46:17,120 - ERROR - Error processing entry 232: 'list' object has no attribute 'replace'
2025-05-09 09:46:17,120 - ERROR - Error processing entry 233: 'list' object has no attribute 'replace'
2025-05-09 09:46:17,120 - ERROR - Error processing entry 234: 'list' object has no attribute 'replace'
2025-05-09 09:46:17,120 - ERROR - Error processing entry 235: 'list' object has no attribute 'replace'
2025-05-09 09:46:17,120 - ERROR - Error processing entry 236: 'list' object has no attribute 'replace'
2025-05-09 09:46:17,120 - ERROR - Error processing entry 237: 'list' object has no attribute 'replace'
2025-05-09 09:46:17,120 - ERROR - Error processing entry 238: 'list' object has no attribute 'replace'
2025-05-09 09:46:17,120 - ERROR - Error processing entry 239: 'list' object has no attribute 'replace'
2025-05-09 09:46:17,120 - ERROR - Error processing entry 240: 'list' object has no attribute 'replace'
2025-05-09 09:46:17,120 - ERROR - Error processing entry 241: 'list' object has no attribute 'replace'
2025-05-09 09:46:17,120 - ERROR - Error processing entry 242: 'list' object has no attribute 'replace'
2025-05-09 09:46:17,120 - ERROR - Error processing entry 243: 'list' object has no attribute 'replace'
2025-05-09 09:46:17,120 - ERROR - Error processing entry 244: 'list' object has no attribute 'replace'
2025-05-09 09:46:17,120 - ERROR - Error processing entry 245: 'list' object has no attribute 'replace'
2025-05-09 09:46:17,120 - ERROR - Error processing entry 246: 'list' object has no attribute 'replace'
2025-05-09 09:46:17,120 - ERROR - Error processing entry 247: 'list' object has no attribute 'replace'
2025-05-09 09:46:17,121 - ERROR - Error processing entry 248: 'list' object has no attribute 'replace'
2025-05-09 09:46:17,121 - ERROR - Error processing entry 249: 'list' object has no attribute 'replace'
2025-05-09 09:46:17,121 - ERROR - Error processing entry 250: 'list' object has no attribute 'replace'
2025-05-09 09:46:17,121 - ERROR - Error processing entry 251: 'list' object has no attribute 'replace'
2025-05-09 09:46:17,121 - ERROR - Error processing entry 252: 'list' object has no attribute 'replace'
2025-05-09 09:46:17,121 - ERROR - Error processing entry 253: 'list' object has no attribute 'replace'
2025-05-09 09:46:17,121 - ERROR - Error processing entry 254: 'list' object has no attribute 'replace'
2025-05-09 09:46:17,121 - ERROR - Error processing entry 255: 'list' object has no attribute 'replace'
2025-05-09 09:46:17,121 - ERROR - Error processing entry 256: 'list' object has no attribute 'replace'
2025-05-09 09:46:17,121 - ERROR - Error processing entry 257: 'list' object has no attribute 'replace'
2025-05-09 09:46:17,121 - ERROR - Error processing entry 258: 'list' object has no attribute 'replace'
2025-05-09 09:46:17,121 - ERROR - Error processing entry 259: 'list' object has no attribute 'replace'
2025-05-09 09:46:17,121 - ERROR - Error processing entry 260: 'list' object has no attribute 'replace'
2025-05-09 09:46:17,121 - ERROR - Error processing entry 261: 'list' object has no attribute 'replace'
2025-05-09 09:46:17,121 - ERROR - Error processing entry 262: 'list' object has no attribute 'replace'
2025-05-09 09:46:17,121 - ERROR - Error processing entry 263: 'list' object has no attribute 'replace'
2025-05-09 09:46:17,121 - ERROR - Error processing entry 264: 'list' object has no attribute 'replace'
2025-05-09 09:46:17,121 - ERROR - Error processing entry 265: 'list' object has no attribute 'replace'
2025-05-09 09:46:17,121 - ERROR - Error processing entry 266: 'list' object has no attribute 'replace'
2025-05-09 09:46:17,121 - ERROR - Error processing entry 267: 'list' object has no attribute 'replace'
2025-05-09 09:46:17,121 - ERROR - Error processing entry 268: 'list' object has no attribute 'replace'
2025-05-09 09:46:17,121 - ERROR - Error processing entry 269: 'list' object has no attribute 'replace'
2025-05-09 09:46:17,121 - ERROR - Error processing entry 270: 'list' object has no attribute 'replace'
2025-05-09 09:46:17,121 - ERROR - Error processing entry 271: 'list' object has no attribute 'replace'
2025-05-09 09:46:17,121 - ERROR - Error processing entry 272: 'list' object has no attribute 'replace'
2025-05-09 09:46:17,121 - ERROR - Error processing entry 273: 'list' object has no attribute 'replace'
2025-05-09 09:46:17,121 - ERROR - Error processing entry 274: 'list' object has no attribute 'replace'
2025-05-09 09:46:17,121 - ERROR - Error processing entry 275: 'list' object has no attribute 'replace'
2025-05-09 09:46:17,121 - ERROR - Error processing entry 276: 'list' object has no attribute 'replace'
2025-05-09 09:46:17,121 - ERROR - Error processing entry 277: 'list' object has no attribute 'replace'
2025-05-09 09:46:17,121 - ERROR - Error processing entry 278: 'list' object has no attribute 'replace'
2025-05-09 09:46:17,121 - ERROR - Error processing entry 279: 'list' object has no attribute 'replace'
2025-05-09 09:46:17,122 - ERROR - Error processing entry 280: 'list' object has no attribute 'replace'
2025-05-09 09:46:17,122 - ERROR - Error processing entry 281: 'list' object has no attribute 'replace'
2025-05-09 09:46:17,122 - ERROR - Error processing entry 282: 'list' object has no attribute 'replace'
2025-05-09 09:46:17,122 - ERROR - Error processing entry 283: 'list' object has no attribute 'replace'
2025-05-09 09:46:17,122 - ERROR - Error processing entry 284: 'list' object has no attribute 'replace'
2025-05-09 09:46:17,122 - ERROR - Error processing entry 285: 'list' object has no attribute 'replace'
2025-05-09 09:46:17,122 - ERROR - Error processing entry 286: 'list' object has no attribute 'replace'
2025-05-09 09:46:17,122 - ERROR - Error processing entry 287: 'list' object has no attribute 'replace'
2025-05-09 09:46:17,122 - ERROR - Error processing entry 288: 'list' object has no attribute 'replace'
2025-05-09 09:46:17,122 - ERROR - Error processing entry 289: 'list' object has no attribute 'replace'
2025-05-09 09:46:17,122 - ERROR - Error processing entry 290: 'list' object has no attribute 'replace'
2025-05-09 09:46:17,122 - ERROR - Error processing entry 291: 'list' object has no attribute 'replace'
2025-05-09 09:46:17,122 - ERROR - Error processing entry 292: 'list' object has no attribute 'replace'
2025-05-09 09:46:17,122 - ERROR - Error processing entry 293: 'list' object has no attribute 'replace'
2025-05-09 09:46:17,122 - ERROR - Error processing entry 294: 'list' object has no attribute 'replace'
2025-05-09 09:46:17,122 - ERROR - Error processing entry 295: 'list' object has no attribute 'replace'
2025-05-09 09:46:17,122 - ERROR - Error processing entry 296: 'list' object has no attribute 'replace'
2025-05-09 09:46:17,122 - ERROR - Error processing entry 297: 'list' object has no attribute 'replace'
2025-05-09 09:46:17,122 - ERROR - Error processing entry 298: 'list' object has no attribute 'replace'
2025-05-09 09:46:17,122 - ERROR - Error processing entry 299: 'list' object has no attribute 'replace'
2025-05-09 09:46:17,122 - ERROR - Error processing entry 300: 'list' object has no attribute 'replace'
2025-05-09 09:46:17,122 - ERROR - Error processing entry 301: 'list' object has no attribute 'replace'
2025-05-09 09:46:17,122 - ERROR - Error processing entry 302: 'list' object has no attribute 'replace'
2025-05-09 09:46:17,132 - INFO - Output written to output.ris
